#
# There is insufficient memory for the Java Runtime Environment to continue.
# Native memory allocation (mmap) failed to map 132120576 bytes. Error detail: G1 virtual space
# Possible reasons:
#   The system is out of physical RAM or swap space
#   This process is running with CompressedOops enabled, and the Java Heap may be blocking the growth of the native heap
# Possible solutions:
#   Reduce memory load on the system
#   Increase physical memory or swap space
#   Check if swap backing store is full
#   Decrease Java heap size (-Xmx/-Xms)
#   Decrease number of Java threads
#   Decrease Java thread stack sizes (-Xss)
#   Set larger code cache with -XX:ReservedCodeCacheSize=
#   JVM is running with Unscaled Compressed Oops mode in which the Java heap is
#     placed in the first 4GB address space. The Java Heap base address is the
#     maximum limit for the native heap growth. Please use -XX:HeapBaseMinAddress
#     to set the Java Heap base and to place the Java Heap above 4GB virtual address.
# This output file may be truncated or incomplete.
#
#  Out of Memory Error (os_windows.cpp:3618), pid=9340, tid=5400
#
# JRE version:  (17.0.14+7) (build )
# Java VM: OpenJDK 64-Bit Server VM (17.0.14+7, mixed mode, sharing, tiered, compressed oops, compressed class ptrs, g1 gc, windows-amd64)
# No core dump will be written. Minidumps are not enabled by default on client versions of Windows
#

---------------  S U M M A R Y ------------

Command Line: 

Host: Intel(R) Pentium(R) Silver N5000 CPU @ 1.10GHz, 4 cores, 7G,  Windows 10 , 64 bit Build 19041 (10.0.19041.5198)
Time: Fri Jan 24 21:27:00 2025 Mitteleuropäische Zeit elapsed time: 0.073403 seconds (0d 0h 0m 0s)

---------------  T H R E A D  ---------------

Current thread (0x00000177f91e6b20):  JavaThread "Unknown thread" [_thread_in_vm, id=5400, stack(0x0000004ea9800000,0x0000004ea9900000)]

Stack: [0x0000004ea9800000,0x0000004ea9900000]
Native frames: (J=compiled Java code, j=interpreted, Vv=VM code, C=native code)
V  [jvm.dll+0x682eb9]
V  [jvm.dll+0x8399c8]
V  [jvm.dll+0x83b473]
V  [jvm.dll+0x83bae3]
V  [jvm.dll+0x24715f]
V  [jvm.dll+0x67fc99]
V  [jvm.dll+0x674b8a]
V  [jvm.dll+0x304c06]
V  [jvm.dll+0x30c0c6]
V  [jvm.dll+0x35dc3e]
V  [jvm.dll+0x35de7d]
V  [jvm.dll+0x2dbfcc]
V  [jvm.dll+0x2dcee4]
V  [jvm.dll+0x80b8db]
V  [jvm.dll+0x36b671]
V  [jvm.dll+0x7ea2cf]
V  [jvm.dll+0x3f226f]
V  [jvm.dll+0x3f3da1]
C  [jli.dll+0x5278]
C  [ucrtbase.dll+0x21bb2]
C  [KERNEL32.DLL+0x17374]
C  [ntdll.dll+0x4cc91]


---------------  P R O C E S S  ---------------

Threads class SMR info:
_java_thread_list=0x00007ffe059e7f58, length=0, elements={
}

Java Threads: ( => current thread )

Other Threads:
  0x00000177f923e9e0 GCTaskThread "GC Thread#0" [stack: 0x0000004ea9900000,0x0000004ea9a00000] [id=2880]
  0x00000177f924f2c0 ConcurrentGCThread "G1 Main Marker" [stack: 0x0000004ea9a00000,0x0000004ea9b00000] [id=2208]
  0x00000177f924fbf0 ConcurrentGCThread "G1 Conc#0" [stack: 0x0000004ea9b00000,0x0000004ea9c00000] [id=632]

[error occurred during error reporting (printing all threads), id 0xc0000005, EXCEPTION_ACCESS_VIOLATION (0xc0000005) at pc=0x00007ffe0519caf7]

VM state: not at safepoint (not fully initialized)

VM Mutex/Monitor currently owned by a thread:  ([mutex/lock_event])
[0x00000177f91e1980] Heap_lock - owner thread: 0x00000177f91e6b20

Heap address: 0x0000000082c00000, size: 2004 MB, Compressed Oops mode: 32-bit

CDS archive(s) mapped at: [0x0000000000000000-0x0000000000000000-0x0000000000000000), size 0, SharedBaseAddress: 0x0000000800000000, ArchiveRelocationMode: 1.
Narrow klass base: 0x0000000000000000, Narrow klass shift: 0, Narrow klass range: 0x0

GC Precious Log:
<Empty>

Heap:
 garbage-first heap   total 0K, used 0K [0x0000000082c00000, 0x0000000100000000)
  region size 1024K, 0 young (0K), 0 survivors (0K)

[error occurred during error reporting (printing heap information), id 0xc0000005, EXCEPTION_ACCESS_VIOLATION (0xc0000005) at pc=0x00007ffe0558c619]

GC Heap History (0 events):
No events

Dll operation events (1 events):
Event: 0.036 Loaded shared library C:\Program Files\Eclipse Adoptium\jdk-17.0.14.7-hotspot\bin\java.dll

Deoptimization events (0 events):
No events

Classes loaded (0 events):
No events

Classes unloaded (0 events):
No events

Classes redefined (0 events):
No events

Internal exceptions (0 events):
No events

VM Operations (0 events):
No events

Memory protections (0 events):
No events

Nmethod flushes (0 events):
No events

Events (0 events):
No events


Dynamic libraries:
0x00007ff78f110000 - 0x00007ff78f11e000 	C:\Program Files\Eclipse Adoptium\jdk-17.0.14.7-hotspot\bin\java.exe
0x00007ffe71650000 - 0x00007ffe71848000 	C:\WINDOWS\SYSTEM32\ntdll.dll
0x00007ffe6ff80000 - 0x00007ffe70042000 	C:\WINDOWS\System32\KERNEL32.DLL
0x00007ffe6ef50000 - 0x00007ffe6f24e000 	C:\WINDOWS\System32\KERNELBASE.dll
0x00007ffe6ecf0000 - 0x00007ffe6edf0000 	C:\WINDOWS\System32\ucrtbase.dll
0x00007ffe68560000 - 0x00007ffe68577000 	C:\Program Files\Eclipse Adoptium\jdk-17.0.14.7-hotspot\bin\jli.dll
0x00007ffe68540000 - 0x00007ffe6855e000 	C:\Program Files\Eclipse Adoptium\jdk-17.0.14.7-hotspot\bin\VCRUNTIME140.dll
0x00007ffe70480000 - 0x00007ffe7061d000 	C:\WINDOWS\System32\USER32.dll
0x00007ffe6f570000 - 0x00007ffe6f592000 	C:\WINDOWS\System32\win32u.dll
0x00007ffe6f670000 - 0x00007ffe6f69b000 	C:\WINDOWS\System32\GDI32.dll
0x00007ffe4de20000 - 0x00007ffe4e0ba000 	C:\WINDOWS\WinSxS\amd64_microsoft.windows.common-controls_6595b64144ccf1df_6.0.19041.4355_none_60b8b9eb71f62e16\COMCTL32.dll
0x00007ffe6f330000 - 0x00007ffe6f447000 	C:\WINDOWS\System32\gdi32full.dll
0x00007ffe70050000 - 0x00007ffe700ee000 	C:\WINDOWS\System32\msvcrt.dll
0x00007ffe6f5a0000 - 0x00007ffe6f63d000 	C:\WINDOWS\System32\msvcp_win.dll
0x00007ffe70b40000 - 0x00007ffe70b6f000 	C:\WINDOWS\System32\IMM32.DLL
0x00007ffe1f0a0000 - 0x00007ffe1f239000 	C:\Program Files (x86)\Steam\gameoverlayrenderer64.dll
0x00007ffe6fec0000 - 0x00007ffe6ff71000 	C:\WINDOWS\System32\ADVAPI32.dll
0x00007ffe71080000 - 0x00007ffe7111f000 	C:\WINDOWS\System32\sechost.dll
0x00007ffe709a0000 - 0x00007ffe70ac3000 	C:\WINDOWS\System32\RPCRT4.dll
0x00007ffe6f640000 - 0x00007ffe6f667000 	C:\WINDOWS\System32\bcrypt.dll
0x00007ffe70350000 - 0x00007ffe7047b000 	C:\WINDOWS\System32\ole32.dll
0x00007ffe70640000 - 0x00007ffe70993000 	C:\WINDOWS\System32\combase.dll
0x00007ffe70fb0000 - 0x00007ffe7107d000 	C:\WINDOWS\System32\OLEAUT32.dll
0x00007ffe6f250000 - 0x00007ffe6f29e000 	C:\WINDOWS\System32\CFGMGR32.dll
0x00007ffe71130000 - 0x00007ffe71138000 	C:\WINDOWS\System32\PSAPI.DLL
0x00007ffe4f610000 - 0x00007ffe4f637000 	C:\WINDOWS\SYSTEM32\WINMM.dll
0x00007ffe68760000 - 0x00007ffe6876c000 	C:\Program Files\Eclipse Adoptium\jdk-17.0.14.7-hotspot\bin\vcruntime140_1.dll
0x00007ffe68440000 - 0x00007ffe684cd000 	C:\Program Files\Eclipse Adoptium\jdk-17.0.14.7-hotspot\bin\msvcp140.dll
0x00007ffe04eb0000 - 0x00007ffe05b1b000 	C:\Program Files\Eclipse Adoptium\jdk-17.0.14.7-hotspot\bin\server\jvm.dll
0x00007ffe70b70000 - 0x00007ffe70bdb000 	C:\WINDOWS\System32\WS2_32.dll
0x00007ffe6eb50000 - 0x00007ffe6eb9b000 	C:\WINDOWS\SYSTEM32\POWRPROF.dll
0x00007ffe67a90000 - 0x00007ffe67a9a000 	C:\WINDOWS\SYSTEM32\VERSION.dll
0x00007ffe6eb30000 - 0x00007ffe6eb42000 	C:\WINDOWS\SYSTEM32\UMPDC.dll
0x00007ffe6d510000 - 0x00007ffe6d522000 	C:\WINDOWS\SYSTEM32\kernel.appcore.dll
0x00007ffe68430000 - 0x00007ffe6843a000 	C:\Program Files\Eclipse Adoptium\jdk-17.0.14.7-hotspot\bin\jimage.dll
0x00007ffe6ca70000 - 0x00007ffe6cc54000 	C:\WINDOWS\SYSTEM32\DBGHELP.DLL
0x00007ffe57220000 - 0x00007ffe57254000 	C:\WINDOWS\SYSTEM32\dbgcore.DLL
0x00007ffe6f2a0000 - 0x00007ffe6f322000 	C:\WINDOWS\System32\bcryptPrimitives.dll
0x00007ffe68400000 - 0x00007ffe68425000 	C:\Program Files\Eclipse Adoptium\jdk-17.0.14.7-hotspot\bin\java.dll

dbghelp: loaded successfully - version: 4.0.5 - missing functions: none
symbol engine: initialized successfully - sym options: 0x614 - pdb path: .;C:\Program Files\Eclipse Adoptium\jdk-17.0.14.7-hotspot\bin;C:\WINDOWS\SYSTEM32;C:\WINDOWS\WinSxS\amd64_microsoft.windows.common-controls_6595b64144ccf1df_6.0.19041.4355_none_60b8b9eb71f62e16;C:\Program Files (x86)\Steam;C:\Program Files\Eclipse Adoptium\jdk-17.0.14.7-hotspot\bin\server

VM Arguments:
java_command: <unknown>
java_class_path (initial): <not set>
Launcher Type: SUN_STANDARD

[Global flags]
     intx CICompilerCount                          = 3                                         {product} {ergonomic}
     uint ConcGCThreads                            = 1                                         {product} {ergonomic}
     uint G1ConcRefinementThreads                  = 4                                         {product} {ergonomic}
   size_t G1HeapRegionSize                         = 1048576                                   {product} {ergonomic}
    uintx GCDrainStackTargetSize                   = 64                                        {product} {ergonomic}
   size_t InitialHeapSize                          = 132120576                                 {product} {ergonomic}
   size_t MarkStackSize                            = 4194304                                   {product} {ergonomic}
   size_t MaxHeapSize                              = 2101346304                                {product} {ergonomic}
   size_t MinHeapDeltaBytes                        = 1048576                                   {product} {ergonomic}
   size_t MinHeapSize                              = 8388608                                   {product} {ergonomic}
    uintx NonNMethodCodeHeapSize                   = 5832780                                {pd product} {ergonomic}
    uintx NonProfiledCodeHeapSize                  = 122912730                              {pd product} {ergonomic}
    uintx ProfiledCodeHeapSize                     = 122912730                              {pd product} {ergonomic}
    uintx ReservedCodeCacheSize                    = 251658240                              {pd product} {ergonomic}
     bool SegmentedCodeCache                       = true                                      {product} {ergonomic}
   size_t SoftMaxHeapSize                          = 2101346304                             {manageable} {ergonomic}
     bool UseCompressedClassPointers               = true                           {product lp64_product} {ergonomic}
     bool UseCompressedOops                        = true                           {product lp64_product} {ergonomic}
     bool UseG1GC                                  = true                                      {product} {ergonomic}
     bool UseLargePagesIndividualAllocation        = false                                  {pd product} {ergonomic}

Logging:
Log output configuration:
 #0: stdout all=warning uptime,level,tags
 #1: stderr all=off uptime,level,tags

Environment Variables:
PATH=C:\Program Files (x86)\Steam;C:\Program Files\Eclipse Adoptium\jdk-17.0.14.7-hotspot\bin;C:\Program Files\Common Files\Oracle\Java\javapath;C:\Program Files (x86)\Intel\TXE Components\iCLS\;C:\Program Files\Intel\TXE Components\iCLS\;C:\WINDOWS\system32;C:\WINDOWS;C:\WINDOWS\System32\Wbem;C:\WINDOWS\System32\WindowsPowerShell\v1.0\;C:\WINDOWS\System32\OpenSSH\;C:\Program Files\Intel\TXE Components\DAL\;C:\Program Files (x86)\Intel\TXE Components\DAL\;C:\Program Files\Intel\TXE Components\IPT\;C:\Program Files (x86)\Intel\TXE Components\IPT\;C:\TDM-GCC-64\bin;C:\Users\marcookie\AppData\Local\Microsoft\WindowsApps;C:\Users\marcookie\AppData\Local\GitHubDesktop\bin
USERNAME=marcookie
OS=Windows_NT
PROCESSOR_IDENTIFIER=Intel64 Family 6 Model 122 Stepping 1, GenuineIntel
TMP=C:\Users\MARCOO~1\AppData\Local\Temp
TEMP=C:\Users\MARCOO~1\AppData\Local\Temp



Periodic native trim disabled


---------------  S Y S T E M  ---------------

OS:
 Windows 10 , 64 bit Build 19041 (10.0.19041.5198)
OS uptime: 0 days 1:45 hours

CPU: total 4 (initial active 4) (4 cores per cpu, 1 threads per core) family 6 model 122 stepping 1 microcode 0x2e, cx8, cmov, fxsr, mmx, 3dnowpref, sse, sse2, sse3, ssse3, sse4.1, sse4.2, popcnt, tsc, tscinvbit, aes, erms, clmul, sha, clflush, clflushopt
Processor Information for all 4 processors :
  Max Mhz: 1101, Current Mhz: 1101, Mhz Limit: 1101

Memory: 4k page, system-wide physical 8014M (985M free)
TotalPageFile size 8014M (AvailPageFile size 202M)
current process WorkingSet (physical memory assigned to process): 29M, peak: 29M
current process commit charge ("private bytes"): 54M, peak: 180M

vm_info: OpenJDK 64-Bit Server VM (17.0.14+7) for windows-amd64 JRE (17.0.14+7), built on Jan 21 2025 23:40:15 by "admin" with MS VC++ 17.7 (VS2022)

END.
